═══════════════════════════════════════════════════════════════════════
РЕЗУЛЬТАТЫ NMAP-СКАНИРОВАНИЯ HONEYPOT
═══════════════════════════════════════════════════════════════════════

Целевой хост: 172.16.238.10 (honeypot-server)
MAC адрес: A6:B5:20:1C:90:AF (Unknown)
Статус: UP

───────────────────────────────────────────────────────────────────────
TCP СКАНИРОВАНИЯ
───────────────────────────────────────────────────────────────────────

TCP Connect (-sT):
  • Результат: все 1000 портов закрыты

TCP SYN (-sS):
  • Результат: все 1000 портов закрыты

FIN (-sF):
  • Результат: все 1000 портов закрыты

Xmas (-sX):
  • Результат: все 1000 портов закрыты

NULL (-sN):
  • Результат: все 1000 портов закрыты

ACK (-sA):
  • Результат: все 1000 портов unfiltered

TCP Window (-sW):
  • Результат: все 1000 портов закрыты

───────────────────────────────────────────────────────────────────────
СПЕЦИАЛИЗИРОВАННЫЕ СКАНИРОВАНИЯ
───────────────────────────────────────────────────────────────────────

IP Protocol (-sO):
  • open: 1/icmp, 6/tcp, 17/udp
  • open|filtered: 2/igmp, 103/pim, 136/udplite
  • closed: остальные 250 протоколов

RPC (-sR):
  • Результат: все 1000 портов закрыты

UDP Top-20 (-sU --top-ports 20):
  • open|filtered: 53/dns, 123/ntp, 137/netbios-ns, 139/netbios-ssn,
                   162/snmptrap, 500/isakmp, 520/route, 1434/ms-sql-m
  • closed: 67, 68, 69, 135, 138, 161, 445, 514, 631, 1900, 4500, 49152

───────────────────────────────────────────────────────────────────────
РАСШИРЕННЫЕ СКАНИРОВАНИЯ
───────────────────────────────────────────────────────────────────────

OS Detection (-O):
  • Открытые порты: все 1000 закрыты
  • ОС: не определена (слишком много совпадений отпечатков)
  • Network Distance: 1 hop

Aggressive (-A -T4):
  • Открытые порты: все 1000 закрыты
  • ОС: не определена
  • Traceroute: 1 hop → 172.16.238.10 (0.08 ms)
  • Service Detection: нет открытых сервисов
  • NSE Scripts: 151 скрипт загружено, ничего не обнаружено

Honeypot Detection Script (-sS --script=http-title,ssh-hostkey,ssl-cert):
  • Все 1000 портов закрыты
  • Скрипты: 3 загружено, результатов не найдено

Version Detection (-sV):
  • Все 1000 портов закрыты
  • Service Detection: не выполнена (нет открытых портов)

───────────────────────────────────────────────────────────────────────
КОМБИНИРОВАННЫЕ СКАНИРОВАНИЯ
───────────────────────────────────────────────────────────────────────

Combined (SYN+Services+OS, порты 1-1000):
  • Все 1000 портов закрыты
  • ОС: не определена
  • Services: не обнаружены

Fragmented SYN (-sS -f):
  • Все 1000 портов закрыты

Spoofed MAC (--spoof-mac 0, MAC: 10:7A:66:C6:54:75):
  • Все 1000 портов закрыты

All Ports SYN (-p- --max-retries 1 -T4):
  • Диапазон: 65535 портов (все)
  • Результат: все 65535 портов закрыты
  • Время: 0.93 сек

═══════════════════════════════════════════════════════════════════════
ВЫВОДЫ
═══════════════════════════════════════════════════════════════════════

1. Honeypot успешно маскируется под недоступный хост
2. Все TCP порты возвращают состояние "closed"
3. ACK-сканирование показывает "unfiltered" (признак брандмауэра)
4. UDP сканирование обнаруживает отклики на open|filtered портах
5. ОС не определена даже при агрессивном сканировании
6. Нет открытых сервисов на 1000 стандартных портов
7. При сканировании всех 65535 портов — все закрыты
═══════════════════════════════════════════════════════════════════════