=== All Ports SYN Scan (-p- --max-retries 1 -T4) ===
Starting Nmap 7.80 ( https://nmap.org ) at 2025-12-06 14:02 UTC
Nmap scan report for honeypot-server.lab-honeypot-nmap_honeypot-net (172.16.238.10)
Host is up (0.0000070s latency).
All 65535 scanned ports on honeypot-server.lab-honeypot-nmap_honeypot-net (172.16.238.10) are closed
MAC Address: A6:B5:20:1C:90:AF (Unknown)

Nmap done: 1 IP address (1 host up) scanned in 0.93 seconds

=== Honeypot Detection Script Scan ===
Starting Nmap 7.80 ( https://nmap.org ) at 2025-12-06 14:03 UTC
NSE: Loaded 3 scripts for scanning.
NSE: Script Pre-scanning.
Initiating NSE at 14:03
Completed NSE at 14:03, 0.00s elapsed
Initiating ARP Ping Scan at 14:03
Scanning 172.16.238.10 [1 port]
Completed ARP Ping Scan at 14:03, 0.03s elapsed (1 total hosts)
Initiating Parallel DNS resolution of 1 host. at 14:03
Completed Parallel DNS resolution of 1 host. at 14:03, 0.00s elapsed
Initiating SYN Stealth Scan at 14:03
Scanning honeypot-server.lab-honeypot-nmap_honeypot-net (172.16.238.10) [1000 ports]
Completed SYN Stealth Scan at 14:03, 0.04s elapsed (1000 total ports)
NSE: Script scanning 172.16.238.10.
Initiating NSE at 14:03
Completed NSE at 14:03, 0.00s elapsed
Nmap scan report for honeypot-server.lab-honeypot-nmap_honeypot-net (172.16.238.10)
Host is up (0.0000080s latency).
All 1000 scanned ports on honeypot-server.lab-honeypot-nmap_honeypot-net (172.16.238.10) are closed
MAC Address: A6:B5:20:1C:90:AF (Unknown)

NSE: Script Post-scanning.
Initiating NSE at 14:03
Completed NSE at 14:03, 0.00s elapsed
Read data files from: /usr/bin/../share/nmap
Nmap done: 1 IP address (1 host up) scanned in 0.32 seconds
           Raw packets sent: 1001 (44.028KB) | Rcvd: 1001 (40.028KB)

=== Version Detection Scan (-sV) ===
Starting Nmap 7.80 ( https://nmap.org ) at 2025-12-06 14:04 UTC
NSE: Loaded 45 scripts for scanning.
Initiating ARP Ping Scan at 14:04
Scanning 172.16.238.10 [1 port]
Completed ARP Ping Scan at 14:04, 0.04s elapsed (1 total hosts)
Initiating Parallel DNS resolution of 1 host. at 14:04
Completed Parallel DNS resolution of 1 host. at 14:04, 0.00s elapsed
Initiating SYN Stealth Scan at 14:04
Scanning honeypot-server.lab-honeypot-nmap_honeypot-net (172.16.238.10) [1000 ports]
Completed SYN Stealth Scan at 14:04, 0.05s elapsed (1000 total ports)
Initiating Service scan at 14:04
NSE: Script scanning 172.16.238.10.
Initiating NSE at 14:04
Completed NSE at 14:04, 0.00s elapsed
Initiating NSE at 14:04
Completed NSE at 14:04, 0.00s elapsed
Nmap scan report for honeypot-server.lab-honeypot-nmap_honeypot-net (172.16.238.10)
Host is up (0.0000090s latency).
All 1000 scanned ports on honeypot-server.lab-honeypot-nmap_honeypot-net (172.16.238.10) are closed
MAC Address: A6:B5:20:1C:90:AF (Unknown)

Read data files from: /usr/bin/../share/nmap
Service detection performed. Please report any incorrect results at https://nmap.org/submit/ .
Nmap done: 1 IP address (1 host up) scanned in 0.40 seconds
           Raw packets sent: 1001 (44.028KB) | Rcvd: 1001 (40.028KB)

