╔════════════════════════════════════════════════════════════╗
║     СКАНИРОВАНИЕ HONEYPOT ЦЕЛЕВОГО ХОСТА                   ║
║     Target: 172.16.238.4                                     ║
╚════════════════════════════════════════════════════════════╝

=== 1. TCP Connect Scan (-sT) ===
Метод: полное установление TCP-соединения

Нажмите ENTER для продолжения...

Starting Nmap 7.80 ( https://nmap.org ) at 2025-12-23 14:20 UTC
Initiating ARP Ping Scan at 14:20
Scanning 172.16.238.4 [1 port]
Completed ARP Ping Scan at 14:20, 0.03s elapsed (1 total hosts)
Initiating Connect Scan at 14:20
Scanning 172.16.238.4 [1000 ports]
Discovered open port 21/tcp on 172.16.238.4
Completed Connect Scan at 14:20, 0.03s elapsed (1000 total ports)
Nmap scan report for 172.16.238.4
Host is up (0.00013s latency).
Not shown: 999 closed ports
PORT   STATE SERVICE
21/tcp open  ftp
MAC Address: 46:DA:7D:26:00:13 (Unknown)

Read data files from: /usr/bin/../share/nmap
Nmap done: 1 IP address (1 host up) scanned in 0.13 seconds
           Raw packets sent: 1 (28B) | Rcvd: 1 (28B)

=== 2. TCP SYN Scan (-sS) ===
Метод: полуоткрытое сканирование (посылается только SYN)

Нажмите ENTER для продолжения...

Starting Nmap 7.80 ( https://nmap.org ) at 2025-12-23 14:20 UTC
Initiating ARP Ping Scan at 14:20
Scanning 172.16.238.4 [1 port]
Completed ARP Ping Scan at 14:20, 0.03s elapsed (1 total hosts)
Initiating SYN Stealth Scan at 14:20
Scanning 172.16.238.4 [1000 ports]
Discovered open port 21/tcp on 172.16.238.4
Completed SYN Stealth Scan at 14:20, 0.06s elapsed (1000 total ports)
Nmap scan report for 172.16.238.4
Host is up (0.0000080s latency).
Not shown: 999 closed ports
PORT   STATE SERVICE
21/tcp open  ftp
MAC Address: 46:DA:7D:26:00:13 (Unknown)

Read data files from: /usr/bin/../share/nmap
Nmap done: 1 IP address (1 host up) scanned in 0.21 seconds
           Raw packets sent: 1001 (44.028KB) | Rcvd: 1001 (40.032KB)

=== 3. FIN Scan (-sF) ===
Метод: передаются пакеты с флагом FIN

Нажмите ENTER для продолжения...

Starting Nmap 7.80 ( https://nmap.org ) at 2025-12-23 14:20 UTC
Initiating ARP Ping Scan at 14:20
Scanning 172.16.238.4 [1 port]
Completed ARP Ping Scan at 14:20, 0.04s elapsed (1 total hosts)
Initiating FIN Scan at 14:20
Scanning 172.16.238.4 [1000 ports]
Completed FIN Scan at 14:20, 1.24s elapsed (1000 total ports)
Nmap scan report for 172.16.238.4
Host is up (0.0000070s latency).
Not shown: 999 closed ports
PORT   STATE         SERVICE
21/tcp open|filtered ftp
MAC Address: 46:DA:7D:26:00:13 (Unknown)

Read data files from: /usr/bin/../share/nmap
Nmap done: 1 IP address (1 host up) scanned in 1.39 seconds
           Raw packets sent: 1002 (40.068KB) | Rcvd: 1000 (39.988KB)

=== 4. Xmas Tree Scan (-sX) ===
Метод: пакет с флагами FIN, PSH, URG

Нажмите ENTER для продолжения...

Starting Nmap 7.80 ( https://nmap.org ) at 2025-12-23 14:20 UTC
Initiating ARP Ping Scan at 14:20
Scanning 172.16.238.4 [1 port]
Completed ARP Ping Scan at 14:20, 0.04s elapsed (1 total hosts)
Initiating XMAS Scan at 14:20
Scanning 172.16.238.4 [1000 ports]
Completed XMAS Scan at 14:20, 1.24s elapsed (1000 total ports)
Nmap scan report for 172.16.238.4
Host is up (0.0000070s latency).
Not shown: 999 closed ports
PORT   STATE         SERVICE
21/tcp open|filtered ftp
MAC Address: 46:DA:7D:26:00:13 (Unknown)

Read data files from: /usr/bin/../share/nmap
Nmap done: 1 IP address (1 host up) scanned in 1.40 seconds
           Raw packets sent: 1002 (40.068KB) | Rcvd: 1000 (39.988KB)

=== 5. NULL Scan (-sN) ===
Метод: пакет без установленных флагов

Нажмите ENTER для продолжения...

Starting Nmap 7.80 ( https://nmap.org ) at 2025-12-23 14:20 UTC
Initiating ARP Ping Scan at 14:20
Scanning 172.16.238.4 [1 port]
Completed ARP Ping Scan at 14:20, 0.04s elapsed (1 total hosts)
Initiating NULL Scan at 14:20
Scanning 172.16.238.4 [1000 ports]
Completed NULL Scan at 14:20, 1.25s elapsed (1000 total ports)
Nmap scan report for 172.16.238.4
Host is up (0.0000070s latency).
Not shown: 999 closed ports
PORT   STATE         SERVICE
21/tcp open|filtered ftp
MAC Address: 46:DA:7D:26:00:13 (Unknown)

Read data files from: /usr/bin/../share/nmap
Nmap done: 1 IP address (1 host up) scanned in 1.38 seconds
           Raw packets sent: 1002 (40.068KB) | Rcvd: 1000 (39.988KB)

=== 6. IP Protocol Scan (-sO) ===
Метод: определение поддерживаемых IP-протоколов

Нажмите ENTER для продолжения...

Starting Nmap 7.80 ( https://nmap.org ) at 2025-12-23 14:20 UTC
Initiating ARP Ping Scan at 14:20
Scanning 172.16.238.4 [1 port]
Completed ARP Ping Scan at 14:20, 0.04s elapsed (1 total hosts)
Initiating IPProto Scan at 14:20
Scanning 172.16.238.4 [256 ports]
Increasing send delay for 172.16.238.4 from 0 to 5 due to max_successful_tryno increase to 4
Increasing send delay for 172.16.238.4 from 5 to 10 due to max_successful_tryno increase to 5
Increasing send delay for 172.16.238.4 from 10 to 20 due to max_successful_tryno increase to 6
Increasing send delay for 172.16.238.4 from 20 to 40 due to 11 out of 11 dropped probes since last increase.
Increasing send delay for 172.16.238.4 from 40 to 80 due to max_successful_tryno increase to 7
Increasing send delay for 172.16.238.4 from 80 to 160 due to max_successful_tryno increase to 8
Increasing send delay for 172.16.238.4 from 160 to 320 due to max_successful_tryno increase to 9
IPProto Scan Timing: About 29.44% done; ETC: 14:22 (0:01:14 remaining)
Increasing send delay for 172.16.238.4 from 320 to 640 due to max_successful_tryno increase to 10
Increasing send delay for 172.16.238.4 from 640 to 1000 due to 11 out of 21 dropped probes since last increase.
IPProto Scan Timing: About 40.02% done; ETC: 14:23 (0:01:31 remaining)
Warning: 172.16.238.4 giving up on port because retransmission cap hit (10).
Discovered open port 1/ip on 172.16.238.4
Stats: 0:01:47 elapsed; 0 hosts completed (1 up), 1 undergoing IPProto Scan
IPProto Scan Timing: About 55.82% done; ETC: 14:24 (0:01:25 remaining)
Discovered open port 17/ip on 172.16.238.4
Discovered open port 6/ip on 172.16.238.4
IPProto Scan Timing: About 67.58% done; ETC: 14:24 (0:01:06 remaining)
IPProto Scan Timing: About 79.30% done; ETC: 14:24 (0:00:44 remaining)
Completed IPProto Scan at 14:25, 270.66s elapsed (256 total ports)
Nmap scan report for 172.16.238.4
Host is up (0.00010s latency).
Not shown: 250 closed protocols
PROTOCOL STATE         SERVICE
1        open          icmp
2        open|filtered igmp
6        open          tcp
17       open          udp
103      open|filtered pim
136      open|filtered udplite
MAC Address: 46:DA:7D:26:00:13 (Unknown)

Read data files from: /usr/bin/../share/nmap
Nmap done: 1 IP address (1 host up) scanned in 270.79 seconds
           Raw packets sent: 721 (14.584KB) | Rcvd: 260 (12.472KB)

=== 7. ACK Scan (-sA) ===
Метод: ACK-пакеты для анализа фильтрации

Нажмите ENTER для продолжения...

Starting Nmap 7.80 ( https://nmap.org ) at 2025-12-23 14:26 UTC
Initiating ARP Ping Scan at 14:26
Scanning 172.16.238.4 [1 port]
Completed ARP Ping Scan at 14:26, 0.03s elapsed (1 total hosts)
Initiating ACK Scan at 14:26
Scanning 172.16.238.4 [1000 ports]
Completed ACK Scan at 14:26, 0.05s elapsed (1000 total ports)
Nmap scan report for 172.16.238.4
Host is up (0.0000090s latency).
All 1000 scanned ports on 172.16.238.4 are unfiltered
MAC Address: 46:DA:7D:26:00:13 (Unknown)

Read data files from: /usr/bin/../share/nmap
Nmap done: 1 IP address (1 host up) scanned in 0.19 seconds
           Raw packets sent: 1001 (40.028KB) | Rcvd: 1001 (40.028KB)

=== 8. TCP Window Scan (-sW) ===
Метод: анализ окна TCP

Нажмите ENTER для продолжения...

Starting Nmap 7.80 ( https://nmap.org ) at 2025-12-23 14:26 UTC
Initiating ARP Ping Scan at 14:26
Scanning 172.16.238.4 [1 port]
Completed ARP Ping Scan at 14:26, 0.03s elapsed (1 total hosts)
Initiating Window Scan at 14:26
Scanning 172.16.238.4 [1000 ports]
Completed Window Scan at 14:26, 0.04s elapsed (1000 total ports)
Nmap scan report for 172.16.238.4
Host is up (0.0000080s latency).
All 1000 scanned ports on 172.16.238.4 are closed
MAC Address: 46:DA:7D:26:00:13 (Unknown)

Read data files from: /usr/bin/../share/nmap
Nmap done: 1 IP address (1 host up) scanned in 0.19 seconds
           Raw packets sent: 1001 (40.028KB) | Rcvd: 1001 (40.028KB)

=== 9. RPC Scan (-sR) ===
Метод: определение RPC-служб

Нажмите ENTER для продолжения...

WARNING: -sR is now an alias for -sV and activates version detection as well as RPC scan.
Warning: The -sR option is deprecated. Please use -sV
Starting Nmap 7.80 ( https://nmap.org ) at 2025-12-23 14:26 UTC
NSE: Loaded 45 scripts for scanning.
Initiating ARP Ping Scan at 14:26
Scanning 172.16.238.4 [1 port]
Completed ARP Ping Scan at 14:26, 0.04s elapsed (1 total hosts)
Initiating SYN Stealth Scan at 14:26
Scanning 172.16.238.4 [1000 ports]
Discovered open port 21/tcp on 172.16.238.4
Completed SYN Stealth Scan at 14:26, 0.04s elapsed (1000 total ports)
Initiating Service scan at 14:26
Scanning 1 service on 172.16.238.4
Completed Service scan at 14:26, 6.01s elapsed (1 service on 1 host)
NSE: Script scanning 172.16.238.4.
Initiating NSE at 14:26
Completed NSE at 14:26, 0.00s elapsed
Initiating NSE at 14:26
Completed NSE at 14:26, 0.00s elapsed
Nmap scan report for 172.16.238.4
Host is up (0.0000080s latency).
Not shown: 999 closed ports
PORT   STATE SERVICE VERSION
21/tcp open  ftp     vsftpd (before 2.0.8) or WU-FTPD
MAC Address: 46:DA:7D:26:00:13 (Unknown)

Read data files from: /usr/bin/../share/nmap
Service detection performed. Please report any incorrect results at https://nmap.org/submit/ .
Nmap done: 1 IP address (1 host up) scanned in 6.49 seconds
           Raw packets sent: 1001 (44.028KB) | Rcvd: 1001 (40.032KB)

=== 10. OS Detection Scan (-O) ===
Метод: определение операционной системы

Нажмите ENTER для продолжения...

Starting Nmap 7.80 ( https://nmap.org ) at 2025-12-23 14:26 UTC
Initiating ARP Ping Scan at 14:26
Scanning 172.16.238.4 [1 port]
Completed ARP Ping Scan at 14:26, 0.04s elapsed (1 total hosts)
Initiating SYN Stealth Scan at 14:26
Scanning 172.16.238.4 [1000 ports]
Discovered open port 21/tcp on 172.16.238.4
Completed SYN Stealth Scan at 14:26, 0.05s elapsed (1000 total ports)
Initiating OS detection (try #1) against 172.16.238.4
Retrying OS detection (try #2) against 172.16.238.4
Retrying OS detection (try #3) against 172.16.238.4
Retrying OS detection (try #4) against 172.16.238.4
Retrying OS detection (try #5) against 172.16.238.4
Nmap scan report for 172.16.238.4
Host is up (0.00011s latency).
Not shown: 999 closed ports
PORT   STATE SERVICE
21/tcp open  ftp
MAC Address: 46:DA:7D:26:00:13 (Unknown)
No exact OS matches for host (If you know what OS is running on it, see https://nmap.org/submit/ ).
TCP/IP fingerprint:
OS:SCAN(V=7.80%E=4%D=12/23%OT=21%CT=1%CU=39553%PV=Y%DS=1%DC=D%G=Y%M=46DA7D%
OS:TM=694AA6B1%P=x86_64-pc-linux-gnu)SEQ(SP=105%GCD=3%ISR=10B%TI=Z%CI=Z%II=
OS:I%TS=A)OPS(O1=M5B4ST11NW7%O2=M5B4ST11NW7%O3=M5B4NNT11NW7%O4=M5B4ST11NW7%
OS:O5=M5B4ST11NW7%O6=M5B4ST11)WIN(W1=FE88%W2=FE88%W3=FE88%W4=FE88%W5=FE88%W
OS:6=FE88)ECN(R=Y%DF=Y%T=40%W=FAF0%O=M5B4NNSNW7%CC=Y%Q=)T1(R=Y%DF=Y%T=40%S=
OS:O%A=S+%F=AS%RD=0%Q=)T2(R=N)T3(R=N)T4(R=Y%DF=Y%T=40%W=0%S=A%A=Z%F=R%O=%RD
OS:=0%Q=)T5(R=Y%DF=Y%T=40%W=0%S=Z%A=S+%F=AR%O=%RD=0%Q=)T6(R=Y%DF=Y%T=40%W=0
OS:%S=A%A=Z%F=R%O=%RD=0%Q=)T7(R=Y%DF=Y%T=40%W=0%S=Z%A=S+%F=AR%O=%RD=0%Q=)U1
OS:(R=Y%DF=N%T=40%IPL=164%UN=0%RIPL=G%RID=G%RIPCK=G%RUCK=G%RUD=G)IE(R=Y%DFI
OS:=N%T=40%CD=S)

Uptime guess: 8.925 days (since Sun Dec 14 16:15:37 2025)
Network Distance: 1 hop
TCP Sequence Prediction: Difficulty=261 (Good luck!)
IP ID Sequence Generation: All zeros

Read data files from: /usr/bin/../share/nmap
OS detection performed. Please report any incorrect results at https://nmap.org/submit/ .
Nmap done: 1 IP address (1 host up) scanned in 11.60 seconds
           Raw packets sent: 1111 (52.918KB) | Rcvd: 1071 (46.282KB)

╔════════════════════════════════════════════════════════════╗
║     СКАНИРОВАНИЕ ЗАВЕРШЕНО                                 ║
╚════════════════════════════════════════════════════════════╝